  scheduler.cpp
C:\Users\hankerz\source\repos\ProcessScheduler\ProcessScheduler\Main Classes\scheduler.h(10,1): warning C4005: 'MAXSIZE': macro redefinition
C:\Users\hankerz\source\repos\ProcessScheduler\ProcessScheduler\DS Classes\PriorityQueue.h(2,1): message : see previous definition of 'MAXSIZE'
  UI.cpp
C:\Users\hankerz\source\repos\ProcessScheduler\ProcessScheduler\Main Classes\scheduler.h(10,1): warning C4005: 'MAXSIZE': macro redefinition
C:\Users\hankerz\source\repos\ProcessScheduler\ProcessScheduler\DS Classes\PriorityQueue.h(2,1): message : see previous definition of 'MAXSIZE'
  main.cpp
C:\Users\hankerz\source\repos\ProcessScheduler\ProcessScheduler\Main Classes\scheduler.h(10,1): warning C4005: 'MAXSIZE': macro redefinition
C:\Users\hankerz\source\repos\ProcessScheduler\ProcessScheduler\DS Classes\PriorityQueue.h(2,1): message : see previous definition of 'MAXSIZE'
  Defs.h
  FCFS_Processor.cpp
C:\Users\hankerz\source\repos\ProcessScheduler\ProcessScheduler\Main Classes\FCFS_Processor.cpp(38,37): warning C4267: 'argument': conversion from 'size_t' to 'int', possible loss of data
  Process.cpp
  Processor.cpp
  SJF_Processor.cpp
  RR_Processor.cpp
  Generating Code...
C:\Users\hankerz\source\repos\ProcessScheduler\ProcessScheduler\DS Classes\Queue.h(88): warning C4715: 'Queue<Process *>::Queue_front': not all control paths return a value
C:\Users\hankerz\source\repos\ProcessScheduler\ProcessScheduler\DS Classes\List.h(125): warning C4715: 'List<Process *>::getEntry': not all control paths return a value
  ProcessScheduler.vcxproj -> C:\Users\hankerz\source\repos\ProcessScheduler\x64\Debug\ProcessScheduler.exe
